2025-03-11 03:11:54 [restartedMain] INFO  c.e.p.PregnancyTrackingApplication - Starting PregnancyTrackingApplication using Java 21.0.5 with PID 10184 (C:\Users\Admin\Downloads\pregnancy-tracking\pregnancy-tracking\target\classes started by Admin in C:\Users\Admin\Downloads\pregnancy-tracking\pregnancy-tracking)
2025-03-11 03:11:54 [restartedMain] INFO  c.e.p.PregnancyTrackingApplication - No active profile set, falling back to 1 default profile: "default"
2025-03-11 03:11:54 [restartedMain] INFO  o.s.b.d.e.DevToolsPropertyDefaultsPostProcessor - Devtools property defaults active! Set 'spring.devtools.add-properties' to 'false' to disable
2025-03-11 03:11:54 [restartedMain] INFO  o.s.b.d.e.DevToolsPropertyDefaultsPostProcessor - For additional web related logging consider setting the 'logging.level.web' property to 'DEBUG'
2025-03-11 03:11:55 [restartedMain] INFO  o.s.d.r.c.RepositoryConfigurationDelegate - Bootstrapping Spring Data JPA repositories in DEFAULT mode.
2025-03-11 03:11:55 [restartedMain] INFO  o.s.d.r.c.RepositoryConfigurationDelegate - Finished Spring Data repository scanning in 76 ms. Found 13 JPA repository interfaces.
2025-03-11 03:11:56 [restartedMain] INFO  o.s.b.w.e.tomcat.TomcatWebServer - Tomcat initialized with port 8080 (http)
2025-03-11 03:11:56 [restartedMain] INFO  o.a.catalina.core.StandardService - Starting service [Tomcat]
2025-03-11 03:11:56 [restartedMain] INFO  o.a.catalina.core.StandardEngine - Starting Servlet engine: [Apache Tomcat/10.1.20]
2025-03-11 03:11:56 [restartedMain] INFO  o.a.c.c.C.[Tomcat].[localhost].[/] - Initializing Spring embedded WebApplicationContext
2025-03-11 03:11:56 [restartedMain] INFO  o.s.b.w.s.c.ServletWebServerApplicationContext - Root WebApplicationContext: initialization completed in 1636 ms
2025-03-11 03:11:56 [restartedMain] INFO  o.h.jpa.internal.util.LogHelper - HHH000204: Processing PersistenceUnitInfo [name: default]
2025-03-11 03:11:56 [restartedMain] INFO  org.hibernate.Version - HHH000412: Hibernate ORM core version 6.4.4.Final
2025-03-11 03:11:56 [restartedMain] INFO  o.h.c.i.RegionFactoryInitiator - HHH000026: Second-level cache disabled
2025-03-11 03:11:56 [restartedMain] INFO  o.s.o.j.p.SpringPersistenceUnitInfo - No LoadTimeWeaver setup: ignoring JPA class transformer
2025-03-11 03:11:56 [restartedMain] INFO  com.zaxxer.hikari.HikariDataSource - HikariPool-1 - Starting...
2025-03-11 03:11:57 [restartedMain] INFO  com.zaxxer.hikari.pool.HikariPool - HikariPool-1 - Added connection ConnectionID:1 ClientConnectionId: 643d1199-06bb-44ba-b2aa-ed45b1d74fa0
2025-03-11 03:11:57 [restartedMain] INFO  com.zaxxer.hikari.HikariDataSource - HikariPool-1 - Start completed.
2025-03-11 03:11:57 [restartedMain] WARN  org.hibernate.orm.deprecation - HHH90000025: SQLServerDialect does not need to be specified explicitly using 'hibernate.dialect' (remove the property setting and it will be selected by default)
2025-03-11 03:11:58 [restartedMain] INFO  o.h.e.t.j.p.i.JtaPlatformInitiator - HHH000489: No JTA platform available (set 'hibernate.transaction.jta.platform' to enable JTA platform integration)
2025-03-11 03:11:58 [restartedMain] INFO  o.s.o.j.LocalContainerEntityManagerFactoryBean - Initialized JPA EntityManagerFactory for persistence unit 'default'
2025-03-11 03:11:58 [restartedMain] INFO  o.s.d.j.r.query.QueryEnhancerFactory - Hibernate is in classpath; If applicable, HQL parser will be used.
2025-03-11 03:11:59 [restartedMain] WARN  o.s.b.a.o.j.JpaBaseConfiguration$JpaWebConfiguration - spring.jpa.open-in-view is enabled by default. Therefore, database queries may be performed during view rendering. Explicitly configure spring.jpa.open-in-view to disable this warning
2025-03-11 03:11:59 [restartedMain] INFO  o.s.s.web.DefaultSecurityFilterChain - Will secure any request with [org.springframework.security.web.session.DisableEncodeUrlFilter@4043d8ac, org.springframework.security.web.context.request.async.WebAsyncManagerIntegrationFilter@37c2dd70, org.springframework.security.web.context.SecurityContextHolderFilter@17c090f0, org.springframework.security.web.header.HeaderWriterFilter@573806f7, org.springframework.web.filter.CorsFilter@435d596a, org.springframework.security.web.authentication.logout.LogoutFilter@49d9b46c, com.example.pregnancy_tracking.config.JwtAuthenticationFilter@59a5ea87, org.springframework.security.web.savedrequest.RequestCacheAwareFilter@53cd7204, org.springframework.security.web.servletapi.SecurityContextHolderAwareRequestFilter@7e3dcc5f, org.springframework.security.web.authentication.AnonymousAuthenticationFilter@1a245109, org.springframework.security.web.session.SessionManagementFilter@4bf588bc, org.springframework.security.web.access.ExceptionTranslationFilter@558a953d, org.springframework.security.web.access.intercept.AuthorizationFilter@bef832f]
2025-03-11 03:11:59 [restartedMain] INFO  o.s.b.d.a.OptionalLiveReloadServer - LiveReload server is running on port 35729
2025-03-11 03:11:59 [restartedMain] INFO  o.s.b.w.e.tomcat.TomcatWebServer - Tomcat started on port 8080 (http) with context path ''
2025-03-11 03:11:59 [restartedMain] INFO  c.e.p.PregnancyTrackingApplication - Started PregnancyTrackingApplication in 5.806 seconds (process running for 6.941)
2025-03-11 03:12:03 [http-nio-8080-exec-1] INFO  o.a.c.c.C.[Tomcat].[localhost].[/] - Initializing Spring DispatcherServlet 'dispatcherServlet'
2025-03-11 03:12:03 [http-nio-8080-exec-1] INFO  o.s.web.servlet.DispatcherServlet - Initializing Servlet 'dispatcherServlet'
2025-03-11 03:12:03 [http-nio-8080-exec-1] INFO  o.s.web.servlet.DispatcherServlet - Completed initialization in 1 ms
2025-03-11 03:12:04 [http-nio-8080-exec-10] INFO  o.s.api.AbstractOpenApiResource - Init duration for springdoc-openapi is: 595 ms
2025-03-11 03:13:25 [SpringApplicationShutdownHook] INFO  o.s.o.j.LocalContainerEntityManagerFactoryBean - Closing JPA EntityManagerFactory for persistence unit 'default'
2025-03-11 03:13:25 [SpringApplicationShutdownHook] INFO  com.zaxxer.hikari.HikariDataSource - HikariPool-1 - Shutdown initiated...
2025-03-11 03:13:25 [SpringApplicationShutdownHook] INFO  com.zaxxer.hikari.HikariDataSource - HikariPool-1 - Shutdown completed.
2025-03-11 09:31:33 [restartedMain] INFO  c.e.p.PregnancyTrackingApplication - Starting PregnancyTrackingApplication using Java 21.0.5 with PID 37780 (C:\Users\Admin\Downloads\pregnancy-tracking\pregnancy-tracking\target\classes started by Admin in C:\Users\Admin\Downloads\pregnancy-tracking\pregnancy-tracking)
2025-03-11 09:31:33 [restartedMain] INFO  c.e.p.PregnancyTrackingApplication - No active profile set, falling back to 1 default profile: "default"
2025-03-11 09:31:33 [restartedMain] INFO  o.s.b.d.e.DevToolsPropertyDefaultsPostProcessor - Devtools property defaults active! Set 'spring.devtools.add-properties' to 'false' to disable
2025-03-11 09:31:33 [restartedMain] INFO  o.s.b.d.e.DevToolsPropertyDefaultsPostProcessor - For additional web related logging consider setting the 'logging.level.web' property to 'DEBUG'
2025-03-11 09:31:34 [restartedMain] INFO  o.s.d.r.c.RepositoryConfigurationDelegate - Bootstrapping Spring Data JPA repositories in DEFAULT mode.
2025-03-11 09:31:34 [restartedMain] INFO  o.s.d.r.c.RepositoryConfigurationDelegate - Finished Spring Data repository scanning in 91 ms. Found 13 JPA repository interfaces.
2025-03-11 09:31:35 [restartedMain] INFO  o.s.b.w.e.tomcat.TomcatWebServer - Tomcat initialized with port 8080 (http)
2025-03-11 09:31:35 [restartedMain] INFO  o.a.catalina.core.StandardService - Starting service [Tomcat]
2025-03-11 09:31:35 [restartedMain] INFO  o.a.catalina.core.StandardEngine - Starting Servlet engine: [Apache Tomcat/10.1.20]
2025-03-11 09:31:35 [restartedMain] INFO  o.a.c.c.C.[Tomcat].[localhost].[/] - Initializing Spring embedded WebApplicationContext
2025-03-11 09:31:35 [restartedMain] INFO  o.s.b.w.s.c.ServletWebServerApplicationContext - Root WebApplicationContext: initialization completed in 2072 ms
2025-03-11 09:31:35 [restartedMain] INFO  o.h.jpa.internal.util.LogHelper - HHH000204: Processing PersistenceUnitInfo [name: default]
2025-03-11 09:31:36 [restartedMain] INFO  org.hibernate.Version - HHH000412: Hibernate ORM core version 6.4.4.Final
2025-03-11 09:31:36 [restartedMain] INFO  o.h.c.i.RegionFactoryInitiator - HHH000026: Second-level cache disabled
2025-03-11 09:31:36 [restartedMain] INFO  o.s.o.j.p.SpringPersistenceUnitInfo - No LoadTimeWeaver setup: ignoring JPA class transformer
2025-03-11 09:31:36 [restartedMain] INFO  com.zaxxer.hikari.HikariDataSource - HikariPool-1 - Starting...
2025-03-11 09:31:36 [restartedMain] INFO  com.zaxxer.hikari.pool.HikariPool - HikariPool-1 - Added connection ConnectionID:1 ClientConnectionId: 120f9dfd-e8f1-455b-bf20-feff44aa6171
2025-03-11 09:31:36 [restartedMain] INFO  com.zaxxer.hikari.HikariDataSource - HikariPool-1 - Start completed.
2025-03-11 09:31:36 [restartedMain] WARN  org.hibernate.orm.deprecation - HHH90000025: SQLServerDialect does not need to be specified explicitly using 'hibernate.dialect' (remove the property setting and it will be selected by default)
2025-03-11 09:31:38 [restartedMain] INFO  o.h.e.t.j.p.i.JtaPlatformInitiator - HHH000489: No JTA platform available (set 'hibernate.transaction.jta.platform' to enable JTA platform integration)
2025-03-11 09:31:38 [restartedMain] INFO  o.s.o.j.LocalContainerEntityManagerFactoryBean - Initialized JPA EntityManagerFactory for persistence unit 'default'
2025-03-11 09:31:39 [restartedMain] INFO  o.s.d.j.r.query.QueryEnhancerFactory - Hibernate is in classpath; If applicable, HQL parser will be used.
2025-03-11 09:31:39 [restartedMain] WARN  o.s.b.a.o.j.JpaBaseConfiguration$JpaWebConfiguration - spring.jpa.open-in-view is enabled by default. Therefore, database queries may be performed during view rendering. Explicitly configure spring.jpa.open-in-view to disable this warning
2025-03-11 09:31:40 [restartedMain] INFO  o.s.s.web.DefaultSecurityFilterChain - Will secure any request with [org.springframework.security.web.session.DisableEncodeUrlFilter@33b49a9d, org.springframework.security.web.context.request.async.WebAsyncManagerIntegrationFilter@50750c8f, org.springframework.security.web.context.SecurityContextHolderFilter@35e48817, org.springframework.security.web.header.HeaderWriterFilter@4d2c5d9d, org.springframework.web.filter.CorsFilter@26f10786, org.springframework.security.web.authentication.logout.LogoutFilter@7526e7c4, com.example.pregnancy_tracking.config.JwtAuthenticationFilter@7e89e5a6, org.springframework.security.web.savedrequest.RequestCacheAwareFilter@67137e8e, org.springframework.security.web.servletapi.SecurityContextHolderAwareRequestFilter@4d721a08, org.springframework.security.web.authentication.AnonymousAuthenticationFilter@614e99bc, org.springframework.security.web.session.SessionManagementFilter@2a1e1af1, org.springframework.security.web.access.ExceptionTranslationFilter@57c9188b, org.springframework.security.web.access.intercept.AuthorizationFilter@67b08256]
2025-03-11 09:31:40 [restartedMain] INFO  o.s.b.d.a.OptionalLiveReloadServer - LiveReload server is running on port 35729
2025-03-11 09:31:40 [restartedMain] INFO  o.s.b.w.e.tomcat.TomcatWebServer - Tomcat started on port 8080 (http) with context path ''
2025-03-11 09:31:40 [restartedMain] INFO  c.e.p.PregnancyTrackingApplication - Started PregnancyTrackingApplication in 7.642 seconds (process running for 8.663)
2025-03-11 09:40:40 [http-nio-8080-exec-1] INFO  o.a.c.c.C.[Tomcat].[localhost].[/] - Initializing Spring DispatcherServlet 'dispatcherServlet'
2025-03-11 09:40:40 [http-nio-8080-exec-1] INFO  o.s.web.servlet.DispatcherServlet - Initializing Servlet 'dispatcherServlet'
2025-03-11 09:40:40 [http-nio-8080-exec-1] INFO  o.s.web.servlet.DispatcherServlet - Completed initialization in 2 ms
2025-03-11 09:40:42 [http-nio-8080-exec-7] INFO  o.s.api.AbstractOpenApiResource - Init duration for springdoc-openapi is: 625 ms
2025-03-11 09:42:43 [http-nio-8080-exec-4] INFO  o.s.api.AbstractOpenApiResource - Init duration for springdoc-openapi is: 303 ms
2025-03-11 10:26:56 [http-nio-8080-exec-9] WARN  o.s.w.s.m.m.a.ExceptionHandlerExceptionResolver - Resolved [java.lang.IllegalStateException: Ambiguous handler methods mapped for '/api/pregnancies/6': {public org.springframework.http.ResponseEntity com.example.pregnancy_tracking.controller.PregnancyController.getPregnanciesByUserId(java.lang.Long), public org.springframework.http.ResponseEntity com.example.pregnancy_tracking.controller.PregnancyController.getPregnancyById(java.lang.Long)}]
2025-03-11 11:13:03 [http-nio-8080-exec-5] WARN  o.s.w.s.m.m.a.ExceptionHandlerExceptionResolver - Resolved [java.lang.IllegalStateException: Ambiguous handler methods mapped for '/api/pregnancies/6': {public org.springframework.http.ResponseEntity com.example.pregnancy_tracking.controller.PregnancyController.getPregnanciesByUserId(java.lang.Long), public org.springframework.http.ResponseEntity com.example.pregnancy_tracking.controller.PregnancyController.getPregnancyById(java.lang.Long)}]
2025-03-11 11:13:36 [http-nio-8080-exec-2] WARN  o.s.w.s.m.m.a.ExceptionHandlerExceptionResolver - Resolved [java.lang.IllegalStateException: Ambiguous handler methods mapped for '/api/pregnancies/6': {public org.springframework.http.ResponseEntity com.example.pregnancy_tracking.controller.PregnancyController.getPregnanciesByUserId(java.lang.Long), public org.springframework.http.ResponseEntity com.example.pregnancy_tracking.controller.PregnancyController.getPregnancyById(java.lang.Long)}]
2025-03-11 11:14:19 [http-nio-8080-exec-6] WARN  o.s.w.s.m.m.a.ExceptionHandlerExceptionResolver - Resolved [java.lang.IllegalStateException: Ambiguous handler methods mapped for '/api/pregnancies/6': {public org.springframework.http.ResponseEntity com.example.pregnancy_tracking.controller.PregnancyController.getPregnanciesByUserId(java.lang.Long), public org.springframework.http.ResponseEntity com.example.pregnancy_tracking.controller.PregnancyController.getPregnancyById(java.lang.Long)}]
2025-03-11 12:40:55 [HikariPool-1 housekeeper] WARN  com.zaxxer.hikari.pool.HikariPool - HikariPool-1 - Thread starvation or clock leap detected (housekeeper delta=1h25m52s642ms438µs600ns).
2025-03-11 14:59:44 [HikariPool-1 housekeeper] WARN  com.zaxxer.hikari.pool.HikariPool - HikariPool-1 - Thread starvation or clock leap detected (housekeeper delta=21m22s570ms905µs700ns).
2025-03-11 18:30:17 [HikariPool-1 housekeeper] WARN  com.zaxxer.hikari.pool.HikariPool - HikariPool-1 - Thread starvation or clock leap detected (housekeeper delta=1h30m37s276ms465µs300ns).
2025-03-11 18:31:07 [SpringApplicationShutdownHook] INFO  o.s.o.j.LocalContainerEntityManagerFactoryBean - Closing JPA EntityManagerFactory for persistence unit 'default'
2025-03-11 18:31:07 [SpringApplicationShutdownHook] INFO  com.zaxxer.hikari.HikariDataSource - HikariPool-1 - Shutdown initiated...
2025-03-11 18:31:07 [SpringApplicationShutdownHook] INFO  com.zaxxer.hikari.HikariDataSource - HikariPool-1 - Shutdown completed.
2025-03-11 18:31:11 [restartedMain] INFO  c.e.p.PregnancyTrackingApplication - Starting PregnancyTrackingApplication using Java 21.0.5 with PID 540 (C:\Users\Admin\Downloads\pregnancy-tracking\pregnancy-tracking\target\classes started by Admin in C:\Users\Admin\Downloads\pregnancy-tracking\pregnancy-tracking)
2025-03-11 18:31:11 [restartedMain] INFO  c.e.p.PregnancyTrackingApplication - No active profile set, falling back to 1 default profile: "default"
2025-03-11 18:31:11 [restartedMain] INFO  o.s.b.d.e.DevToolsPropertyDefaultsPostProcessor - Devtools property defaults active! Set 'spring.devtools.add-properties' to 'false' to disable
2025-03-11 18:31:11 [restartedMain] INFO  o.s.b.d.e.DevToolsPropertyDefaultsPostProcessor - For additional web related logging consider setting the 'logging.level.web' property to 'DEBUG'
2025-03-11 18:31:12 [restartedMain] INFO  o.s.d.r.c.RepositoryConfigurationDelegate - Bootstrapping Spring Data JPA repositories in DEFAULT mode.
2025-03-11 18:31:12 [restartedMain] INFO  o.s.d.r.c.RepositoryConfigurationDelegate - Finished Spring Data repository scanning in 90 ms. Found 13 JPA repository interfaces.
2025-03-11 18:31:13 [restartedMain] INFO  o.s.b.w.e.tomcat.TomcatWebServer - Tomcat initialized with port 8080 (http)
2025-03-11 18:31:13 [restartedMain] INFO  o.a.catalina.core.StandardService - Starting service [Tomcat]
2025-03-11 18:31:13 [restartedMain] INFO  o.a.catalina.core.StandardEngine - Starting Servlet engine: [Apache Tomcat/10.1.20]
2025-03-11 18:31:13 [restartedMain] INFO  o.a.c.c.C.[Tomcat].[localhost].[/] - Initializing Spring embedded WebApplicationContext
2025-03-11 18:31:13 [restartedMain] INFO  o.s.b.w.s.c.ServletWebServerApplicationContext - Root WebApplicationContext: initialization completed in 2180 ms
2025-03-11 18:31:13 [restartedMain] INFO  o.h.jpa.internal.util.LogHelper - HHH000204: Processing PersistenceUnitInfo [name: default]
2025-03-11 18:31:13 [restartedMain] INFO  org.hibernate.Version - HHH000412: Hibernate ORM core version 6.4.4.Final
2025-03-11 18:31:13 [restartedMain] INFO  o.h.c.i.RegionFactoryInitiator - HHH000026: Second-level cache disabled
2025-03-11 18:31:14 [restartedMain] INFO  o.s.o.j.p.SpringPersistenceUnitInfo - No LoadTimeWeaver setup: ignoring JPA class transformer
2025-03-11 18:31:14 [restartedMain] INFO  com.zaxxer.hikari.HikariDataSource - HikariPool-1 - Starting...
2025-03-11 18:31:14 [restartedMain] INFO  com.zaxxer.hikari.pool.HikariPool - HikariPool-1 - Added connection ConnectionID:1 ClientConnectionId: 51596094-7df2-4b7b-b7b2-5cafa43577f1
2025-03-11 18:31:14 [restartedMain] INFO  com.zaxxer.hikari.HikariDataSource - HikariPool-1 - Start completed.
2025-03-11 18:31:14 [restartedMain] WARN  org.hibernate.orm.deprecation - HHH90000025: SQLServerDialect does not need to be specified explicitly using 'hibernate.dialect' (remove the property setting and it will be selected by default)
2025-03-11 18:31:16 [restartedMain] INFO  o.h.e.t.j.p.i.JtaPlatformInitiator - HHH000489: No JTA platform available (set 'hibernate.transaction.jta.platform' to enable JTA platform integration)
2025-03-11 18:31:16 [restartedMain] INFO  o.s.o.j.LocalContainerEntityManagerFactoryBean - Initialized JPA EntityManagerFactory for persistence unit 'default'
2025-03-11 18:31:17 [restartedMain] INFO  o.s.d.j.r.query.QueryEnhancerFactory - Hibernate is in classpath; If applicable, HQL parser will be used.
2025-03-11 18:31:18 [restartedMain] WARN  o.s.b.a.o.j.JpaBaseConfiguration$JpaWebConfiguration - spring.jpa.open-in-view is enabled by default. Therefore, database queries may be performed during view rendering. Explicitly configure spring.jpa.open-in-view to disable this warning
2025-03-11 18:31:18 [restartedMain] INFO  o.s.s.web.DefaultSecurityFilterChain - Will secure any request with [org.springframework.security.web.session.DisableEncodeUrlFilter@4a65162f, org.springframework.security.web.context.request.async.WebAsyncManagerIntegrationFilter@6d30362d, org.springframework.security.web.context.SecurityContextHolderFilter@18aa0b6f, org.springframework.security.web.header.HeaderWriterFilter@1aa18037, org.springframework.web.filter.CorsFilter@6d3516a2, org.springframework.security.web.authentication.logout.LogoutFilter@3c05eae0, com.example.pregnancy_tracking.config.JwtAuthenticationFilter@1b02b314, org.springframework.security.web.savedrequest.RequestCacheAwareFilter@556e98ac, org.springframework.security.web.servletapi.SecurityContextHolderAwareRequestFilter@271e139a, org.springframework.security.web.authentication.AnonymousAuthenticationFilter@23e0fbe1, org.springframework.security.web.session.SessionManagementFilter@685e1ab3, org.springframework.security.web.access.ExceptionTranslationFilter@311693b6, org.springframework.security.web.access.intercept.AuthorizationFilter@746a6305]
2025-03-11 18:31:18 [restartedMain] INFO  o.s.b.d.a.OptionalLiveReloadServer - LiveReload server is running on port 35729
2025-03-11 18:31:18 [restartedMain] INFO  o.s.b.w.e.tomcat.TomcatWebServer - Tomcat started on port 8080 (http) with context path ''
2025-03-11 18:31:18 [restartedMain] INFO  c.e.p.PregnancyTrackingApplication - Started PregnancyTrackingApplication in 8.266 seconds (process running for 9.506)
2025-03-11 18:35:33 [http-nio-8080-exec-1] INFO  o.a.c.c.C.[Tomcat].[localhost].[/] - Initializing Spring DispatcherServlet 'dispatcherServlet'
2025-03-11 18:35:33 [http-nio-8080-exec-1] INFO  o.s.web.servlet.DispatcherServlet - Initializing Servlet 'dispatcherServlet'
2025-03-11 18:35:33 [http-nio-8080-exec-1] INFO  o.s.web.servlet.DispatcherServlet - Completed initialization in 2 ms
2025-03-11 18:35:35 [http-nio-8080-exec-2] INFO  o.s.api.AbstractOpenApiResource - Init duration for springdoc-openapi is: 793 ms
2025-03-11 18:36:46 [http-nio-8080-exec-3] WARN  o.s.w.s.m.m.a.ExceptionHandlerExceptionResolver - Resolved [java.lang.IllegalStateException: Ambiguous handler methods mapped for '/api/pregnancies/12': {public org.springframework.http.ResponseEntity com.example.pregnancy_tracking.controller.PregnancyController.getPregnancyById(java.lang.Long), public org.springframework.http.ResponseEntity com.example.pregnancy_tracking.controller.PregnancyController.getPregnanciesByUserId(java.lang.Long)}]
2025-03-11 18:37:16 [http-nio-8080-exec-8] WARN  o.s.w.s.m.m.a.ExceptionHandlerExceptionResolver - Resolved [java.lang.IllegalStateException: Ambiguous handler methods mapped for '/api/pregnancies/6': {public org.springframework.http.ResponseEntity com.example.pregnancy_tracking.controller.PregnancyController.getPregnancyById(java.lang.Long), public org.springframework.http.ResponseEntity com.example.pregnancy_tracking.controller.PregnancyController.getPregnanciesByUserId(java.lang.Long)}]
2025-03-11 18:40:10 [File Watcher] INFO  o.s.b.d.a.LocalDevToolsAutoConfiguration$RestartingClassPathChangeChangedEventListener - Restarting due to 1 class path change (0 additions, 1 deletion, 0 modifications)
2025-03-11 18:40:10 [Thread-5] INFO  o.s.o.j.LocalContainerEntityManagerFactoryBean - Closing JPA EntityManagerFactory for persistence unit 'default'
2025-03-11 18:40:10 [Thread-5] INFO  com.zaxxer.hikari.HikariDataSource - HikariPool-1 - Shutdown initiated...
2025-03-11 18:40:10 [Thread-5] INFO  com.zaxxer.hikari.HikariDataSource - HikariPool-1 - Shutdown completed.
2025-03-11 18:40:10 [restartedMain] INFO  c.e.p.PregnancyTrackingApplication - Starting PregnancyTrackingApplication using Java 21.0.5 with PID 540 (C:\Users\Admin\Downloads\pregnancy-tracking\pregnancy-tracking\target\classes started by Admin in C:\Users\Admin\Downloads\pregnancy-tracking\pregnancy-tracking)
2025-03-11 18:40:10 [restartedMain] INFO  c.e.p.PregnancyTrackingApplication - No active profile set, falling back to 1 default profile: "default"
2025-03-11 18:40:11 [restartedMain] INFO  o.s.d.r.c.RepositoryConfigurationDelegate - Bootstrapping Spring Data JPA repositories in DEFAULT mode.
2025-03-11 18:40:11 [restartedMain] INFO  o.s.d.r.c.RepositoryConfigurationDelegate - Finished Spring Data repository scanning in 36 ms. Found 13 JPA repository interfaces.
2025-03-11 18:40:11 [restartedMain] INFO  o.s.b.w.e.tomcat.TomcatWebServer - Tomcat initialized with port 8080 (http)
2025-03-11 18:40:11 [restartedMain] INFO  o.a.catalina.core.StandardService - Starting service [Tomcat]
2025-03-11 18:40:11 [restartedMain] INFO  o.a.catalina.core.StandardEngine - Starting Servlet engine: [Apache Tomcat/10.1.20]
2025-03-11 18:40:11 [restartedMain] INFO  o.a.c.c.C.[Tomcat].[localhost].[/] - Initializing Spring embedded WebApplicationContext
2025-03-11 18:40:11 [restartedMain] INFO  o.s.b.w.s.c.ServletWebServerApplicationContext - Root WebApplicationContext: initialization completed in 571 ms
2025-03-11 18:40:11 [restartedMain] INFO  o.h.jpa.internal.util.LogHelper - HHH000204: Processing PersistenceUnitInfo [name: default]
2025-03-11 18:40:11 [restartedMain] INFO  o.h.c.i.RegionFactoryInitiator - HHH000026: Second-level cache disabled
2025-03-11 18:40:11 [restartedMain] INFO  o.s.o.j.p.SpringPersistenceUnitInfo - No LoadTimeWeaver setup: ignoring JPA class transformer
2025-03-11 18:40:11 [restartedMain] INFO  com.zaxxer.hikari.HikariDataSource - HikariPool-2 - Starting...
2025-03-11 18:40:11 [restartedMain] INFO  com.zaxxer.hikari.pool.HikariPool - HikariPool-2 - Added connection ConnectionID:11 ClientConnectionId: 63de8791-cea4-45bb-b878-0b09510315c9
2025-03-11 18:40:11 [restartedMain] INFO  com.zaxxer.hikari.HikariDataSource - HikariPool-2 - Start completed.
2025-03-11 18:40:11 [restartedMain] WARN  org.hibernate.orm.deprecation - HHH90000025: SQLServerDialect does not need to be specified explicitly using 'hibernate.dialect' (remove the property setting and it will be selected by default)
2025-03-11 18:40:11 [restartedMain] INFO  o.h.e.t.j.p.i.JtaPlatformInitiator - HHH000489: No JTA platform available (set 'hibernate.transaction.jta.platform' to enable JTA platform integration)
2025-03-11 18:40:11 [restartedMain] INFO  o.s.o.j.LocalContainerEntityManagerFactoryBean - Initialized JPA EntityManagerFactory for persistence unit 'default'
2025-03-11 18:40:12 [restartedMain] WARN  o.s.b.a.o.j.JpaBaseConfiguration$JpaWebConfiguration - spring.jpa.open-in-view is enabled by default. Therefore, database queries may be performed during view rendering. Explicitly configure spring.jpa.open-in-view to disable this warning
2025-03-11 18:40:12 [restartedMain] INFO  o.s.s.web.DefaultSecurityFilterChain - Will secure any request with [org.springframework.security.web.session.DisableEncodeUrlFilter@19bbcd03, org.springframework.security.web.context.request.async.WebAsyncManagerIntegrationFilter@2f8971e2, org.springframework.security.web.context.SecurityContextHolderFilter@3b2afda9, org.springframework.security.web.header.HeaderWriterFilter@774a9bf9, org.springframework.web.filter.CorsFilter@578149d2, org.springframework.security.web.authentication.logout.LogoutFilter@b89be5b, com.example.pregnancy_tracking.config.JwtAuthenticationFilter@30f72e88, org.springframework.security.web.savedrequest.RequestCacheAwareFilter@1e2d0825, org.springframework.security.web.servletapi.SecurityContextHolderAwareRequestFilter@3d9bcd4a, org.springframework.security.web.authentication.AnonymousAuthenticationFilter@3e30a0d7, org.springframework.security.web.session.SessionManagementFilter@4fcc7866, org.springframework.security.web.access.ExceptionTranslationFilter@3de31839, org.springframework.security.web.access.intercept.AuthorizationFilter@5f06dbde]
2025-03-11 18:40:12 [restartedMain] INFO  o.s.b.d.a.OptionalLiveReloadServer - LiveReload server is running on port 35729
2025-03-11 18:40:12 [restartedMain] INFO  o.s.b.w.e.tomcat.TomcatWebServer - Tomcat started on port 8080 (http) with context path ''
2025-03-11 18:40:12 [restartedMain] INFO  c.e.p.PregnancyTrackingApplication - Started PregnancyTrackingApplication in 1.515 seconds (process running for 544.659)
2025-03-11 18:40:12 [restartedMain] INFO  o.s.b.d.a.ConditionEvaluationDeltaLoggingListener - Condition evaluation unchanged
2025-03-11 18:40:13 [File Watcher] INFO  o.s.b.d.a.LocalDevToolsAutoConfiguration$RestartingClassPathChangeChangedEventListener - Restarting due to 1 class path change (1 addition, 0 deletions, 0 modifications)
2025-03-11 18:40:13 [Thread-7] INFO  o.s.o.j.LocalContainerEntityManagerFactoryBean - Closing JPA EntityManagerFactory for persistence unit 'default'
2025-03-11 18:40:13 [Thread-7] INFO  com.zaxxer.hikari.HikariDataSource - HikariPool-2 - Shutdown initiated...
2025-03-11 18:40:13 [Thread-7] INFO  com.zaxxer.hikari.HikariDataSource - HikariPool-2 - Shutdown completed.
2025-03-11 18:40:13 [restartedMain] INFO  c.e.p.PregnancyTrackingApplication - Starting PregnancyTrackingApplication using Java 21.0.5 with PID 540 (C:\Users\Admin\Downloads\pregnancy-tracking\pregnancy-tracking\target\classes started by Admin in C:\Users\Admin\Downloads\pregnancy-tracking\pregnancy-tracking)
2025-03-11 18:40:13 [restartedMain] INFO  c.e.p.PregnancyTrackingApplication - No active profile set, falling back to 1 default profile: "default"
2025-03-11 18:40:13 [restartedMain] INFO  o.s.d.r.c.RepositoryConfigurationDelegate - Bootstrapping Spring Data JPA repositories in DEFAULT mode.
2025-03-11 18:40:13 [restartedMain] INFO  o.s.d.r.c.RepositoryConfigurationDelegate - Finished Spring Data repository scanning in 21 ms. Found 13 JPA repository interfaces.
2025-03-11 18:40:14 [restartedMain] INFO  o.s.b.w.e.tomcat.TomcatWebServer - Tomcat initialized with port 8080 (http)
2025-03-11 18:40:14 [restartedMain] INFO  o.a.catalina.core.StandardService - Starting service [Tomcat]
2025-03-11 18:40:14 [restartedMain] INFO  o.a.catalina.core.StandardEngine - Starting Servlet engine: [Apache Tomcat/10.1.20]
2025-03-11 18:40:14 [restartedMain] INFO  o.a.c.c.C.[Tomcat].[localhost].[/] - Initializing Spring embedded WebApplicationContext
2025-03-11 18:40:14 [restartedMain] INFO  o.s.b.w.s.c.ServletWebServerApplicationContext - Root WebApplicationContext: initialization completed in 319 ms
2025-03-11 18:40:14 [restartedMain] INFO  o.h.jpa.internal.util.LogHelper - HHH000204: Processing PersistenceUnitInfo [name: default]
2025-03-11 18:40:14 [restartedMain] INFO  o.h.c.i.RegionFactoryInitiator - HHH000026: Second-level cache disabled
2025-03-11 18:40:14 [restartedMain] INFO  o.s.o.j.p.SpringPersistenceUnitInfo - No LoadTimeWeaver setup: ignoring JPA class transformer
2025-03-11 18:40:14 [restartedMain] INFO  com.zaxxer.hikari.HikariDataSource - HikariPool-3 - Starting...
2025-03-11 18:40:14 [restartedMain] INFO  com.zaxxer.hikari.pool.HikariPool - HikariPool-3 - Added connection ConnectionID:21 ClientConnectionId: cfb8bcd9-3559-4add-9a81-d136f09af18a
2025-03-11 18:40:14 [restartedMain] INFO  com.zaxxer.hikari.HikariDataSource - HikariPool-3 - Start completed.
2025-03-11 18:40:14 [restartedMain] WARN  org.hibernate.orm.deprecation - HHH90000025: SQLServerDialect does not need to be specified explicitly using 'hibernate.dialect' (remove the property setting and it will be selected by default)
2025-03-11 18:40:14 [restartedMain] INFO  o.h.e.t.j.p.i.JtaPlatformInitiator - HHH000489: No JTA platform available (set 'hibernate.transaction.jta.platform' to enable JTA platform integration)
2025-03-11 18:40:14 [restartedMain] INFO  o.s.o.j.LocalContainerEntityManagerFactoryBean - Initialized JPA EntityManagerFactory for persistence unit 'default'
2025-03-11 18:40:14 [restartedMain] WARN  o.s.b.a.o.j.JpaBaseConfiguration$JpaWebConfiguration - spring.jpa.open-in-view is enabled by default. Therefore, database queries may be performed during view rendering. Explicitly configure spring.jpa.open-in-view to disable this warning
2025-03-11 18:40:14 [restartedMain] INFO  o.s.s.web.DefaultSecurityFilterChain - Will secure any request with [org.springframework.security.web.session.DisableEncodeUrlFilter@7907a927, org.springframework.security.web.context.request.async.WebAsyncManagerIntegrationFilter@37f54e0e, org.springframework.security.web.context.SecurityContextHolderFilter@76a380d7, org.springframework.security.web.header.HeaderWriterFilter@7d17a30e, org.springframework.web.filter.CorsFilter@791e69d9, org.springframework.security.web.authentication.logout.LogoutFilter@1fda3cdd, com.example.pregnancy_tracking.config.JwtAuthenticationFilter@74eef5e5, org.springframework.security.web.savedrequest.RequestCacheAwareFilter@7bb1ab30, org.springframework.security.web.servletapi.SecurityContextHolderAwareRequestFilter@3bfe789b, org.springframework.security.web.authentication.AnonymousAuthenticationFilter@6b63024f, org.springframework.security.web.session.SessionManagementFilter@25cd6d01, org.springframework.security.web.access.ExceptionTranslationFilter@568b6299, org.springframework.security.web.access.intercept.AuthorizationFilter@21367b3e]
2025-03-11 18:40:14 [restartedMain] INFO  o.s.b.d.a.OptionalLiveReloadServer - LiveReload server is running on port 35729
2025-03-11 18:40:14 [restartedMain] INFO  o.s.b.w.e.tomcat.TomcatWebServer - Tomcat started on port 8080 (http) with context path ''
2025-03-11 18:40:14 [restartedMain] INFO  c.e.p.PregnancyTrackingApplication - Started PregnancyTrackingApplication in 0.881 seconds (process running for 547.037)
2025-03-11 18:40:14 [restartedMain] INFO  o.s.b.d.a.ConditionEvaluationDeltaLoggingListener - Condition evaluation unchanged
2025-03-11 18:40:31 [http-nio-8080-exec-1] INFO  o.a.c.c.C.[Tomcat].[localhost].[/] - Initializing Spring DispatcherServlet 'dispatcherServlet'
2025-03-11 18:40:31 [http-nio-8080-exec-1] INFO  o.s.web.servlet.DispatcherServlet - Initializing Servlet 'dispatcherServlet'
2025-03-11 18:40:31 [http-nio-8080-exec-1] INFO  o.s.web.servlet.DispatcherServlet - Completed initialization in 1 ms
2025-03-11 18:40:44 [http-nio-8080-exec-7] INFO  o.s.api.AbstractOpenApiResource - Init duration for springdoc-openapi is: 436 ms
2025-03-11 18:43:13 [SpringApplicationShutdownHook] INFO  o.s.o.j.LocalContainerEntityManagerFactoryBean - Closing JPA EntityManagerFactory for persistence unit 'default'
2025-03-11 18:43:13 [SpringApplicationShutdownHook] INFO  com.zaxxer.hikari.HikariDataSource - HikariPool-3 - Shutdown initiated...
2025-03-11 18:43:13 [SpringApplicationShutdownHook] INFO  com.zaxxer.hikari.HikariDataSource - HikariPool-3 - Shutdown completed.
2025-03-11 18:50:18 [restartedMain] INFO  c.e.p.PregnancyTrackingApplication - Starting PregnancyTrackingApplication using Java 21.0.5 with PID 4180 (C:\Users\Admin\Downloads\pregnancy-tracking\pregnancy-tracking\target\classes started by Admin in C:\Users\Admin\Downloads\pregnancy-tracking\pregnancy-tracking)
2025-03-11 18:50:18 [restartedMain] INFO  c.e.p.PregnancyTrackingApplication - No active profile set, falling back to 1 default profile: "default"
2025-03-11 18:50:18 [restartedMain] INFO  o.s.b.d.e.DevToolsPropertyDefaultsPostProcessor - Devtools property defaults active! Set 'spring.devtools.add-properties' to 'false' to disable
2025-03-11 18:50:18 [restartedMain] INFO  o.s.b.d.e.DevToolsPropertyDefaultsPostProcessor - For additional web related logging consider setting the 'logging.level.web' property to 'DEBUG'
2025-03-11 18:50:18 [restartedMain] INFO  o.s.d.r.c.RepositoryConfigurationDelegate - Bootstrapping Spring Data JPA repositories in DEFAULT mode.
2025-03-11 18:50:18 [restartedMain] INFO  o.s.d.r.c.RepositoryConfigurationDelegate - Finished Spring Data repository scanning in 65 ms. Found 13 JPA repository interfaces.
2025-03-11 18:50:19 [restartedMain] INFO  o.s.b.w.e.tomcat.TomcatWebServer - Tomcat initialized with port 8080 (http)
2025-03-11 18:50:19 [restartedMain] INFO  o.a.catalina.core.StandardService - Starting service [Tomcat]
2025-03-11 18:50:19 [restartedMain] INFO  o.a.catalina.core.StandardEngine - Starting Servlet engine: [Apache Tomcat/10.1.20]
2025-03-11 18:50:19 [restartedMain] INFO  o.a.c.c.C.[Tomcat].[localhost].[/] - Initializing Spring embedded WebApplicationContext
2025-03-11 18:50:19 [restartedMain] INFO  o.s.b.w.s.c.ServletWebServerApplicationContext - Root WebApplicationContext: initialization completed in 1292 ms
2025-03-11 18:50:19 [restartedMain] INFO  o.h.jpa.internal.util.LogHelper - HHH000204: Processing PersistenceUnitInfo [name: default]
2025-03-11 18:50:19 [restartedMain] INFO  org.hibernate.Version - HHH000412: Hibernate ORM core version 6.4.4.Final
2025-03-11 18:50:19 [restartedMain] INFO  o.h.c.i.RegionFactoryInitiator - HHH000026: Second-level cache disabled
2025-03-11 18:50:19 [restartedMain] INFO  o.s.o.j.p.SpringPersistenceUnitInfo - No LoadTimeWeaver setup: ignoring JPA class transformer
2025-03-11 18:50:19 [restartedMain] INFO  com.zaxxer.hikari.HikariDataSource - HikariPool-1 - Starting...
2025-03-11 18:50:20 [restartedMain] INFO  com.zaxxer.hikari.pool.HikariPool - HikariPool-1 - Added connection ConnectionID:1 ClientConnectionId: 10063d4d-5f21-4824-ba2a-ebc49ee28448
2025-03-11 18:50:20 [restartedMain] INFO  com.zaxxer.hikari.HikariDataSource - HikariPool-1 - Start completed.
2025-03-11 18:50:20 [restartedMain] WARN  org.hibernate.orm.deprecation - HHH90000025: SQLServerDialect does not need to be specified explicitly using 'hibernate.dialect' (remove the property setting and it will be selected by default)
2025-03-11 18:50:21 [restartedMain] INFO  o.h.e.t.j.p.i.JtaPlatformInitiator - HHH000489: No JTA platform available (set 'hibernate.transaction.jta.platform' to enable JTA platform integration)
2025-03-11 18:50:21 [restartedMain] INFO  o.s.o.j.LocalContainerEntityManagerFactoryBean - Initialized JPA EntityManagerFactory for persistence unit 'default'
2025-03-11 18:50:21 [restartedMain] INFO  o.s.d.j.r.query.QueryEnhancerFactory - Hibernate is in classpath; If applicable, HQL parser will be used.
2025-03-11 18:50:22 [restartedMain] WARN  o.s.b.a.o.j.JpaBaseConfiguration$JpaWebConfiguration - spring.jpa.open-in-view is enabled by default. Therefore, database queries may be performed during view rendering. Explicitly configure spring.jpa.open-in-view to disable this warning
2025-03-11 18:50:22 [restartedMain] INFO  o.s.s.web.DefaultSecurityFilterChain - Will secure any request with [org.springframework.security.web.session.DisableEncodeUrlFilter@328d07bd, org.springframework.security.web.context.request.async.WebAsyncManagerIntegrationFilter@5e4821c9, org.springframework.security.web.context.SecurityContextHolderFilter@78c922f0, org.springframework.security.web.header.HeaderWriterFilter@23e440b9, org.springframework.web.filter.CorsFilter@292105a7, org.springframework.security.web.authentication.logout.LogoutFilter@3d484be1, com.example.pregnancy_tracking.config.JwtAuthenticationFilter@23046d54, org.springframework.security.web.savedrequest.RequestCacheAwareFilter@4646ddaf, org.springframework.security.web.servletapi.SecurityContextHolderAwareRequestFilter@45409024, org.springframework.security.web.authentication.AnonymousAuthenticationFilter@40de8199, org.springframework.security.web.session.SessionManagementFilter@58391b7b, org.springframework.security.web.access.ExceptionTranslationFilter@225d90f7, org.springframework.security.web.access.intercept.AuthorizationFilter@6be0f93c]
2025-03-11 18:50:22 [restartedMain] INFO  o.s.b.d.a.OptionalLiveReloadServer - LiveReload server is running on port 35729
2025-03-11 18:50:22 [restartedMain] INFO  o.s.b.w.e.tomcat.TomcatWebServer - Tomcat started on port 8080 (http) with context path ''
2025-03-11 18:50:22 [restartedMain] INFO  c.e.p.PregnancyTrackingApplication - Started PregnancyTrackingApplication in 4.844 seconds (process running for 5.528)
2025-03-11 18:50:34 [http-nio-8080-exec-1] INFO  o.a.c.c.C.[Tomcat].[localhost].[/] - Initializing Spring DispatcherServlet 'dispatcherServlet'
2025-03-11 18:50:34 [http-nio-8080-exec-1] INFO  o.s.web.servlet.DispatcherServlet - Initializing Servlet 'dispatcherServlet'
2025-03-11 18:50:34 [http-nio-8080-exec-1] INFO  o.s.web.servlet.DispatcherServlet - Completed initialization in 1 ms
2025-03-11 18:50:35 [http-nio-8080-exec-8] INFO  o.s.api.AbstractOpenApiResource - Init duration for springdoc-openapi is: 620 ms
2025-03-11 18:55:10 [SpringApplicationShutdownHook] INFO  o.s.o.j.LocalContainerEntityManagerFactoryBean - Closing JPA EntityManagerFactory for persistence unit 'default'
2025-03-11 18:55:10 [SpringApplicationShutdownHook] INFO  com.zaxxer.hikari.HikariDataSource - HikariPool-1 - Shutdown initiated...
2025-03-11 18:55:10 [SpringApplicationShutdownHook] INFO  com.zaxxer.hikari.HikariDataSource - HikariPool-1 - Shutdown completed.
2025-03-11 18:55:12 [restartedMain] INFO  c.e.p.PregnancyTrackingApplication - Starting PregnancyTrackingApplication using Java 21.0.5 with PID 2032 (C:\Users\Admin\Downloads\pregnancy-tracking\pregnancy-tracking\target\classes started by Admin in C:\Users\Admin\Downloads\pregnancy-tracking\pregnancy-tracking)
2025-03-11 18:55:12 [restartedMain] INFO  c.e.p.PregnancyTrackingApplication - No active profile set, falling back to 1 default profile: "default"
2025-03-11 18:55:12 [restartedMain] INFO  o.s.b.d.e.DevToolsPropertyDefaultsPostProcessor - Devtools property defaults active! Set 'spring.devtools.add-properties' to 'false' to disable
2025-03-11 18:55:12 [restartedMain] INFO  o.s.b.d.e.DevToolsPropertyDefaultsPostProcessor - For additional web related logging consider setting the 'logging.level.web' property to 'DEBUG'
2025-03-11 18:55:13 [restartedMain] INFO  o.s.d.r.c.RepositoryConfigurationDelegate - Bootstrapping Spring Data JPA repositories in DEFAULT mode.
2025-03-11 18:55:13 [restartedMain] INFO  o.s.d.r.c.RepositoryConfigurationDelegate - Finished Spring Data repository scanning in 61 ms. Found 13 JPA repository interfaces.
2025-03-11 18:55:14 [restartedMain] INFO  o.s.b.w.e.tomcat.TomcatWebServer - Tomcat initialized with port 8080 (http)
2025-03-11 18:55:14 [restartedMain] INFO  o.a.catalina.core.StandardService - Starting service [Tomcat]
2025-03-11 18:55:14 [restartedMain] INFO  o.a.catalina.core.StandardEngine - Starting Servlet engine: [Apache Tomcat/10.1.20]
2025-03-11 18:55:14 [restartedMain] INFO  o.a.c.c.C.[Tomcat].[localhost].[/] - Initializing Spring embedded WebApplicationContext
2025-03-11 18:55:14 [restartedMain] INFO  o.s.b.w.s.c.ServletWebServerApplicationContext - Root WebApplicationContext: initialization completed in 1333 ms
2025-03-11 18:55:14 [restartedMain] INFO  o.h.jpa.internal.util.LogHelper - HHH000204: Processing PersistenceUnitInfo [name: default]
2025-03-11 18:55:14 [restartedMain] INFO  org.hibernate.Version - HHH000412: Hibernate ORM core version 6.4.4.Final
2025-03-11 18:55:14 [restartedMain] INFO  o.h.c.i.RegionFactoryInitiator - HHH000026: Second-level cache disabled
2025-03-11 18:55:14 [restartedMain] INFO  o.s.o.j.p.SpringPersistenceUnitInfo - No LoadTimeWeaver setup: ignoring JPA class transformer
2025-03-11 18:55:14 [restartedMain] INFO  com.zaxxer.hikari.HikariDataSource - HikariPool-1 - Starting...
2025-03-11 18:55:14 [restartedMain] INFO  com.zaxxer.hikari.pool.HikariPool - HikariPool-1 - Added connection ConnectionID:1 ClientConnectionId: 1b960393-def5-4914-b631-977acd6671e1
2025-03-11 18:55:14 [restartedMain] INFO  com.zaxxer.hikari.HikariDataSource - HikariPool-1 - Start completed.
2025-03-11 18:55:14 [restartedMain] WARN  org.hibernate.orm.deprecation - HHH90000025: SQLServerDialect does not need to be specified explicitly using 'hibernate.dialect' (remove the property setting and it will be selected by default)
2025-03-11 18:55:15 [restartedMain] INFO  o.h.e.t.j.p.i.JtaPlatformInitiator - HHH000489: No JTA platform available (set 'hibernate.transaction.jta.platform' to enable JTA platform integration)
2025-03-11 18:55:15 [restartedMain] INFO  o.s.o.j.LocalContainerEntityManagerFactoryBean - Initialized JPA EntityManagerFactory for persistence unit 'default'
2025-03-11 18:55:16 [restartedMain] INFO  o.s.d.j.r.query.QueryEnhancerFactory - Hibernate is in classpath; If applicable, HQL parser will be used.
2025-03-11 18:55:16 [restartedMain] WARN  o.s.b.a.o.j.JpaBaseConfiguration$JpaWebConfiguration - spring.jpa.open-in-view is enabled by default. Therefore, database queries may be performed during view rendering. Explicitly configure spring.jpa.open-in-view to disable this warning
2025-03-11 18:55:16 [restartedMain] INFO  o.s.s.web.DefaultSecurityFilterChain - Will secure any request with [org.springframework.security.web.session.DisableEncodeUrlFilter@1e5dc66, org.springframework.security.web.context.request.async.WebAsyncManagerIntegrationFilter@329805f9, org.springframework.security.web.context.SecurityContextHolderFilter@7f0e0255, org.springframework.security.web.header.HeaderWriterFilter@4e11b5d9, org.springframework.web.filter.CorsFilter@9fc10bd, org.springframework.security.web.authentication.logout.LogoutFilter@74240f16, com.example.pregnancy_tracking.config.JwtAuthenticationFilter@d27dfab, org.springframework.security.web.savedrequest.RequestCacheAwareFilter@79c651f5, org.springframework.security.web.servletapi.SecurityContextHolderAwareRequestFilter@256bfc7, org.springframework.security.web.authentication.AnonymousAuthenticationFilter@16b42d2a, org.springframework.security.web.session.SessionManagementFilter@39cedbe5, org.springframework.security.web.access.ExceptionTranslationFilter@22b4a309, org.springframework.security.web.access.intercept.AuthorizationFilter@af73734]
2025-03-11 18:55:17 [restartedMain] INFO  o.s.b.d.a.OptionalLiveReloadServer - LiveReload server is running on port 35729
2025-03-11 18:55:17 [restartedMain] INFO  o.s.b.w.e.tomcat.TomcatWebServer - Tomcat started on port 8080 (http) with context path ''
2025-03-11 18:55:17 [restartedMain] INFO  c.e.p.PregnancyTrackingApplication - Started PregnancyTrackingApplication in 4.828 seconds (process running for 5.488)
2025-03-11 18:57:22 [http-nio-8080-exec-1] INFO  o.a.c.c.C.[Tomcat].[localhost].[/] - Initializing Spring DispatcherServlet 'dispatcherServlet'
2025-03-11 18:57:22 [http-nio-8080-exec-1] INFO  o.s.web.servlet.DispatcherServlet - Initializing Servlet 'dispatcherServlet'
2025-03-11 18:57:22 [http-nio-8080-exec-1] INFO  o.s.web.servlet.DispatcherServlet - Completed initialization in 0 ms
2025-03-11 18:57:24 [http-nio-8080-exec-1] INFO  o.s.api.AbstractOpenApiResource - Init duration for springdoc-openapi is: 571 ms
2025-03-11 19:12:22 [http-nio-8080-exec-1] WARN  o.s.w.s.m.m.a.ExceptionHandlerExceptionResolver - Resolved [org.springframework.web.method.annotation.MethodArgumentTypeMismatchException: Failed to convert value of type 'java.lang.String' to required type 'java.lang.Long'; For input string: "undefined"]
2025-03-11 19:12:22 [http-nio-8080-exec-5] WARN  o.s.w.s.m.m.a.ExceptionHandlerExceptionResolver - Resolved [org.springframework.web.method.annotation.MethodArgumentTypeMismatchException: Failed to convert value of type 'java.lang.String' to required type 'java.lang.Long'; For input string: "undefined"]
2025-03-11 19:54:30 [http-nio-8080-exec-8] WARN  o.s.w.s.m.m.a.ExceptionHandlerExceptionResolver - Resolved [org.springframework.web.method.annotation.MethodArgumentTypeMismatchException: Failed to convert value of type 'java.lang.String' to required type 'java.lang.Long'; For input string: "undefined"]
2025-03-11 19:54:37 [http-nio-8080-exec-5] WARN  o.s.w.s.m.m.a.ExceptionHandlerExceptionResolver - Resolved [org.springframework.web.method.annotation.MethodArgumentTypeMismatchException: Failed to convert value of type 'java.lang.String' to required type 'java.lang.Long'; For input string: "undefined"]
2025-03-11 19:54:37 [http-nio-8080-exec-6] WARN  o.s.w.s.m.m.a.ExceptionHandlerExceptionResolver - Resolved [org.springframework.web.method.annotation.MethodArgumentTypeMismatchException: Failed to convert value of type 'java.lang.String' to required type 'java.lang.Long'; For input string: "undefined"]
2025-03-11 19:54:57 [http-nio-8080-exec-1] WARN  o.s.w.s.m.m.a.ExceptionHandlerExceptionResolver - Resolved [org.springframework.web.method.annotation.MethodArgumentTypeMismatchException: Failed to convert value of type 'java.lang.String' to required type 'java.lang.Long'; For input string: "undefined"]
2025-03-11 19:54:57 [http-nio-8080-exec-9] WARN  o.s.w.s.m.m.a.ExceptionHandlerExceptionResolver - Resolved [org.springframework.web.method.annotation.MethodArgumentTypeMismatchException: Failed to convert value of type 'java.lang.String' to required type 'java.lang.Long'; For input string: "undefined"]
2025-03-11 20:08:52 [http-nio-8080-exec-8] WARN  o.s.w.s.m.m.a.ExceptionHandlerExceptionResolver - Resolved [java.lang.RuntimeException: User not found]
